<?xml version="1.0" encoding="UTF-8"?>
<!-- Generated by org.testng.reporters.JUnitReportReporter -->
<testsuite hostname="Mypc" name="testNG.empregTest" tests="1" failures="0" timestamp="26 Sep 2016 03:55:02 GMT" time="10.054" errors="0">
  <testcase name="org_Empreg" time="10.054" classname="testNG.empregTest"/>
</testsuite> <!-- testNG.empregTest -->
