<?xml version="1.0" encoding="UTF-8"?>
<!-- Generated by org.testng.reporters.JUnitReportReporter -->
<testsuite hostname="Mypc" name="Grid.grideg2" tests="2" failures="0" timestamp="28 Sep 2016 04:00:16 GMT" time="84.250" errors="0">
  <testcase name="grid" time="55.433" classname="Grid.grideg2"/>
  <testcase name="grid" time="28.817" classname="Grid.grideg2"/>
</testsuite> <!-- Grid.grideg2 -->
