<?xml version="1.0" encoding="UTF-8"?>
<!-- Generated by org.testng.reporters.JUnitReportReporter -->
<testsuite hostname="Mypc" name="driver.keyword" tests="1" failures="0" timestamp="27 Sep 2016 03:50:58 GMT" time="146.831" errors="0">
  <testcase name="driverscript" time="146.831" classname="driver.keyword"/>
</testsuite> <!-- driver.keyword -->
