<?xml version="1.0" encoding="UTF-8"?>
<!-- Generated by org.testng.reporters.JUnitReportReporter -->
<testsuite hostname="Mypc" name="testNG.basicAnnotations" tests="3" failures="0" timestamp="23 Sep 2016 03:39:45 GMT" time="0.060" errors="0">
  <testcase name="function2" time="0.009" classname="testNG.basicAnnotations"/>
  <testcase name="function1" time="0.028" classname="testNG.basicAnnotations"/>
  <testcase name="a" time="0.023" classname="testNG.basicAnnotations"/>
</testsuite> <!-- testNG.basicAnnotations -->
