<?xml version="1.0" encoding="UTF-8"?>
<!-- Generated by org.testng.reporters.JUnitReportReporter -->
<testsuite hostname="Mypc" name="driver.hybrid" tests="1" failures="0" timestamp="27 Sep 2016 04:07:40 GMT" time="90.967" errors="0">
  <testcase name="driverscript" time="90.967" classname="driver.hybrid"/>
</testsuite> <!-- driver.hybrid -->
