<?xml version="1.0" encoding="UTF-8"?>
<!-- Generated by org.testng.reporters.JUnitReportReporter -->
<testsuite hostname="Mypc" name="Grid.GridEg1" tests="1" failures="0" timestamp="28 Sep 2016 03:33:09 GMT" time="22.206" errors="0">
  <testcase name="grid" time="22.206" classname="Grid.GridEg1"/>
</testsuite> <!-- Grid.GridEg1 -->
