<?xml version="1.0" encoding="UTF-8"?>
<!-- Generated by org.testng.reporters.JUnitReportReporter -->
<testsuite hostname="Mypc" name="testNG.dataprovidereg" tests="3" failures="0" timestamp="26 Sep 2016 04:09:32 GMT" time="45.448" errors="0">
  <testcase name="test" time="26.635" classname="testNG.dataprovidereg"/>
  <testcase name="test" time="10.311" classname="testNG.dataprovidereg"/>
  <testcase name="test" time="8.502" classname="testNG.dataprovidereg"/>
</testsuite> <!-- testNG.dataprovidereg -->
